#
# There is insufficient memory for the Java Runtime Environment to continue.
# Native memory allocation (mmap) failed to map 201326592 bytes for Failed to commit area from 0x0000000741e00000 to 0x000000074de00000 of length 201326592.
# Possible reasons:
#   The system is out of physical RAM or swap space
#   The process is running with CompressedOops enabled, and the Java Heap may be blocking the growth of the native heap
# Possible solutions:
#   Reduce memory load on the system
#   Increase physical memory or swap space
#   Check if swap backing store is full
#   Decrease Java heap size (-Xmx/-Xms)
#   Decrease number of Java threads
#   Decrease Java thread stack sizes (-Xss)
#   Set larger code cache with -XX:ReservedCodeCacheSize=
#   JVM is running with Zero Based Compressed Oops mode in which the Java heap is
#     placed in the first 32GB address space. The Java Heap base address is the
#     maximum limit for the native heap growth. Please use -XX:HeapBaseMinAddress
#     to set the Java Heap base and to place the Java Heap above 32GB virtual address.
# This output file may be truncated or incomplete.
#
#  Out of Memory Error (./open/src/hotspot/os/windows/os_windows.cpp:3315), pid=16524, tid=19240
#
# JRE version:  (14.0.1+7) (build )
# Java VM: Java HotSpot(TM) 64-Bit Server VM (14.0.1+7, mixed mode, sharing, tiered, compressed oops, g1 gc, windows-amd64)
# No core dump will be written. Minidumps are not enabled by default on client versions of Windows
#

---------------  S U M M A R Y ------------

Command Line: -ea -Dfile.encoding=Cp1252 org.testng.remote.RemoteTestNG -serport 56717 -protocol json -d C:\Users\almahdi\Desktop\App4test\.git\App4test\projet_a_exporter.zip_expanded\Selenium_Webdriver\test-output C:\Users\almahdi\AppData\Local\Temp\testng-eclipse--218198849\testng-customsuite.xml

Host: Intel(R) Core(TM) i3-3110M CPU @ 2.40GHz, 4 cores, 11G,  Windows 10 , 64 bit Build 18362 (10.0.18362.959)
Time: Mon Jul 27 10:51:50 2020 Paris, Madrid (heure d?été) elapsed time: 0 seconds (0d 0h 0m 0s)

---------------  T H R E A D  ---------------

Current thread (0x000002d08ff82800):  JavaThread "Unknown thread" [_thread_in_vm, id=19240, stack(0x000000eb5a600000,0x000000eb5a700000)]

Stack: [0x000000eb5a600000,0x000000eb5a700000]
Native frames: (J=compiled Java code, j=interpreted, Vv=VM code, C=native code)
V  [jvm.dll+0x5f840a]
V  [jvm.dll+0x741e4a]
V  [jvm.dll+0x7435ff]
V  [jvm.dll+0x743c43]
V  [jvm.dll+0x20d288]
V  [jvm.dll+0x5f57ba]
V  [jvm.dll+0x5ea615]
V  [jvm.dll+0x2c7e9c]
V  [jvm.dll+0x2c7cd2]
V  [jvm.dll+0x2cdbbc]
V  [jvm.dll+0x313ff8]
V  [jvm.dll+0x313720]
V  [jvm.dll+0x2a092a]
V  [jvm.dll+0x2a1a79]
V  [jvm.dll+0x71f718]
V  [jvm.dll+0x321c44]
V  [jvm.dll+0x700b0c]
V  [jvm.dll+0x392dff]
V  [jvm.dll+0x394e71]
C  [jli.dll+0x523b]
C  [ucrtbase.dll+0x20e82]
C  [KERNEL32.DLL+0x17bd4]
C  [ntdll.dll+0x6ce51]


---------------  P R O C E S S  ---------------

Threads class SMR info:
_java_thread_list=0x00007ffb87a83078, length=0, elements={
}

Java Threads: ( => current thread )

Other Threads:
  0x000002d08ffd6000 GCTaskThread "GC Thread#0" [stack: 0x000000eb5a700000,0x000000eb5a800000] [id=14060]
  0x000002d08fff0800 ConcurrentGCThread "G1 Main Marker" [stack: 0x000000eb5a800000,0x000000eb5a900000] [id=17344]
  0x000002d08fff1800 ConcurrentGCThread "G1 Conc#0" [stack: 0x000000eb5a900000,0x000000eb5aa00000] [id=14196]

[error occurred during error reporting (printing all threads), id 0xc0000005, EXCEPTION_ACCESS_VIOLATION (0xc0000005) at pc=0x00007ffb872b1257]

VM state:not at safepoint (not fully initialized)

VM Mutex/Monitor currently owned by a thread:  ([mutex/lock_event])
[0x000002d08ff7e760] Heap_lock - owner thread: 0x000002d08ff82800

Heap address: 0x0000000741e00000, size: 3042 MB, Compressed Oops mode: Zero based, Oop shift amount: 3
Narrow klass base: 0x0000000000000000, Narrow klass shift: 0

GC Heap History (0 events):
No events

Deoptimization events (0 events):
No events

Classes unloaded (0 events):
No events

Classes redefined (0 events):
No events

Internal exceptions (0 events):
No events

Events (2 events):
Event: 0.017 Loaded shared library C:\Program Files\Java\jdk-14.0.1\bin\java.dll
Event: 0.019 Loaded shared library C:\Program Files\Java\jdk-14.0.1\bin\zip.dll


Dynamic libraries:
0x00007ff7a8ad0000 - 0x00007ff7a8adf000 	C:\Program Files\Java\jdk-14.0.1\bin\javaw.exe
0x00007ffbd98c0000 - 0x00007ffbd9ab0000 	C:\WINDOWS\SYSTEM32\ntdll.dll
0x00007ffbd9480000 - 0x00007ffbd9532000 	C:\WINDOWS\System32\KERNEL32.DLL
0x00007ffbd6a40000 - 0x00007ffbd6ce4000 	C:\WINDOWS\System32\KERNELBASE.dll
0x00007ffbd6cf0000 - 0x00007ffbd6dea000 	C:\WINDOWS\System32\ucrtbase.dll
0x00007ffbb7600000 - 0x00007ffbb7615000 	C:\Program Files\Java\jdk-14.0.1\bin\VCRUNTIME140.dll
0x00007ffbb44a0000 - 0x00007ffbb44b8000 	C:\Program Files\Java\jdk-14.0.1\bin\jli.dll
0x00007ffbd8d70000 - 0x00007ffbd8e13000 	C:\WINDOWS\System32\ADVAPI32.dll
0x00007ffbd8cb0000 - 0x00007ffbd8d4e000 	C:\WINDOWS\System32\msvcrt.dll
0x00007ffbd93b0000 - 0x00007ffbd9447000 	C:\WINDOWS\System32\sechost.dll
0x00007ffbd9290000 - 0x00007ffbd93b0000 	C:\WINDOWS\System32\RPCRT4.dll
0x00007ffbd7840000 - 0x00007ffbd79d4000 	C:\WINDOWS\System32\USER32.dll
0x00007ffbd5f60000 - 0x00007ffbd5f81000 	C:\WINDOWS\System32\win32u.dll
0x00007ffbd9450000 - 0x00007ffbd9476000 	C:\WINDOWS\System32\GDI32.dll
0x00007ffbd6e40000 - 0x00007ffbd6fd6000 	C:\WINDOWS\System32\gdi32full.dll
0x00007ffbd69a0000 - 0x00007ffbd6a3e000 	C:\WINDOWS\System32\msvcp_win.dll
0x00007ffbc6d90000 - 0x00007ffbc7014000 	C:\WINDOWS\WinSxS\amd64_microsoft.windows.common-controls_6595b64144ccf1df_6.0.18362.959_none_e6c7bbbf130c62bb\COMCTL32.dll
0x00007ffbd8180000 - 0x00007ffbd84b5000 	C:\WINDOWS\System32\combase.dll
0x00007ffbd5eb0000 - 0x00007ffbd5f30000 	C:\WINDOWS\System32\bcryptPrimitives.dll
0x00007ffbcfe70000 - 0x00007ffbcfe7a000 	C:\WINDOWS\SYSTEM32\VERSION.dll
0x00007ffbd9540000 - 0x00007ffbd956e000 	C:\WINDOWS\System32\IMM32.DLL
0x00007ffba3930000 - 0x00007ffba39cb000 	C:\Program Files\Java\jdk-14.0.1\bin\msvcp140.dll
0x00007ffb87000000 - 0x00007ffb87b1e000 	C:\Program Files\Java\jdk-14.0.1\bin\server\jvm.dll
0x00007ffbd6fe0000 - 0x00007ffbd6fe8000 	C:\WINDOWS\System32\PSAPI.DLL
0x00007ffbb4380000 - 0x00007ffbb4389000 	C:\WINDOWS\SYSTEM32\WSOCK32.dll
0x00007ffbd8010000 - 0x00007ffbd807f000 	C:\WINDOWS\System32\WS2_32.dll
0x00007ffbd3e50000 - 0x00007ffbd3e74000 	C:\WINDOWS\SYSTEM32\WINMM.dll
0x00007ffbd3e20000 - 0x00007ffbd3e4d000 	C:\WINDOWS\SYSTEM32\winmmbase.dll
0x00007ffbd6df0000 - 0x00007ffbd6e3a000 	C:\WINDOWS\System32\cfgmgr32.dll
0x00007ffbd5df0000 - 0x00007ffbd5e01000 	C:\WINDOWS\System32\kernel.appcore.dll
0x00007ffbc6900000 - 0x00007ffbc690a000 	C:\Program Files\Java\jdk-14.0.1\bin\jimage.dll
0x00007ffbc4240000 - 0x00007ffbc4434000 	C:\WINDOWS\SYSTEM32\DBGHELP.DLL
0x00007ffbc3b70000 - 0x00007ffbc3b9a000 	C:\WINDOWS\SYSTEM32\dbgcore.DLL
0x00007ffba7980000 - 0x00007ffba79a5000 	C:\Program Files\Java\jdk-14.0.1\bin\java.dll
0x00007ffbbeb30000 - 0x00007ffbbeb46000 	C:\Program Files\Java\jdk-14.0.1\bin\zip.dll

dbghelp: loaded successfully - version: 4.0.5 - missing functions: none
symbol engine: initialized successfully - sym options: 0x614 - pdb path: .;C:\Program Files\Java\jdk-14.0.1\bin;C:\WINDOWS\SYSTEM32;C:\WINDOWS\WinSxS\amd64_microsoft.windows.common-controls_6595b64144ccf1df_6.0.18362.959_none_e6c7bbbf130c62bb;C:\Program Files\Java\jdk-14.0.1\bin\server

VM Arguments:
jvm_args: -ea -Dfile.encoding=Cp1252 
java_command: org.testng.remote.RemoteTestNG -serport 56717 -protocol json -d C:\Users\almahdi\Desktop\App4test\.git\App4test\projet_a_exporter.zip_expanded\Selenium_Webdriver\test-output C:\Users\almahdi\AppData\Local\Temp\testng-eclipse--218198849\testng-customsuite.xml
java_class_path (initial): C:\Users\almahdi\Desktop\eclipse\configuration\org.eclipse.osgi\453\0\.cp\lib\testng-remote.jar;C:\Users\almahdi\Desktop\App4test\.git\App4test\projet_a_exporter.zip_expanded\Selenium_Webdriver\target\test-classes;C:\Users\almahdi\Desktop\App4test\.git\App4test\projet_a_exporter.zip_expanded\Selenium_Webdriver\target\classes;C:\Users\almahdi\.m2\repository\junit\junit\3.8.1\junit-3.8.1.jar;C:\Users\almahdi\.m2\repository\org\seleniumhq\selenium\selenium-java\3.141.59\selenium-java-3.141.59.jar;C:\Users\almahdi\.m2\repository\org\seleniumhq\selenium\selenium-api\3.141.59\selenium-api-3.141.59.jar;C:\Users\almahdi\.m2\repository\org\seleniumhq\selenium\selenium-chrome-driver\3.141.59\selenium-chrome-driver-3.141.59.jar;C:\Users\almahdi\.m2\repository\org\seleniumhq\selenium\selenium-edge-driver\3.141.59\selenium-edge-driver-3.141.59.jar;C:\Users\almahdi\.m2\repository\org\seleniumhq\selenium\selenium-firefox-driver\3.141.59\selenium-firefox-driver-3.141.59.jar;C:\Users\almahdi\.m2\repository\org\seleniumhq\selenium\selenium-ie-driver\3.141.59\selenium-ie-driver-3.141.59.jar;C:\Users\almahdi\.m2\repository\org\seleniumhq\selenium\selenium-opera-driver\3.141.59\selenium-opera-driver-3.141.59.jar;C:\Users\almahdi\.m2\repository\org\seleniumhq\selenium\selenium-remote-driver\3.141.59\selenium-remote-driver-3.141.59.jar;C:\Users\almahdi\.m2\repository\org\seleniumhq\selenium\selenium-safari-driver\3.141.59\selenium-safari-driver-3.141.59.jar;C:\Users\almahdi\.m2\repository\org\seleniumhq\selenium\selenium-support\3.141.59\selenium-support-3.141.59.jar;C:\Users\almahdi\.m2\repository\net\bytebuddy\byte-buddy\1.8.15\byte-buddy-1.8.15.jar;C:\Users\almahdi\.m2\repository\org\apache\commons\commons-exec\1.3\commons-exec-1.3.jar;C:\Users\almahdi\.m2\repository\com\google\guava\guava\25.0-jre\guava-25.0-jre.jar;C:\Users\almahdi\.m2\repository\com\google\code\findbugs\jsr305\1.3.9\jsr305-1.3.9.jar;C:\Users\almahdi\.m2\repository\org\checkerframework\ch
Launcher Type: SUN_STANDARD

[Global flags]
     intx CICompilerCount                          = 3                                         {product} {ergonomic}
     uint ConcGCThreads                            = 1                                         {product} {ergonomic}
     uint G1ConcRefinementThreads                  = 4                                         {product} {ergonomic}
   size_t G1HeapRegionSize                         = 1048576                                   {product} {ergonomic}
    uintx GCDrainStackTargetSize                   = 64                                        {product} {ergonomic}
   size_t InitialHeapSize                          = 201326592                                 {product} {ergonomic}
   size_t MarkStackSize                            = 4194304                                   {product} {ergonomic}
   size_t MaxHeapSize                              = 3189768192                                {product} {ergonomic}
   size_t MinHeapDeltaBytes                        = 1048576                                   {product} {ergonomic}
   size_t MinHeapSize                              = 8388608                                   {product} {ergonomic}
    uintx NonNMethodCodeHeapSize                   = 5832780                                {pd product} {ergonomic}
    uintx NonProfiledCodeHeapSize                  = 122912730                              {pd product} {ergonomic}
    uintx ProfiledCodeHeapSize                     = 122912730                              {pd product} {ergonomic}
    uintx ReservedCodeCacheSize                    = 251658240                              {pd product} {ergonomic}
     bool SegmentedCodeCache                       = true                                      {product} {ergonomic}
   size_t SoftMaxHeapSize                          = 3189768192                             {manageable} {ergonomic}
     bool UseCompressedClassPointers               = true                                 {lp64_product} {ergonomic}
     bool UseCompressedOops                        = true                                 {lp64_product} {ergonomic}
     bool UseG1GC                                  = true                                      {product} {ergonomic}
     bool UseLargePagesIndividualAllocation        = false                                  {pd product} {ergonomic}

Logging:
Log output configuration:
 #0: stdout all=warning uptime,level,tags
 #1: stderr all=off uptime,level,tags

Environment Variables:
JAVA_HOME=C:\Program Files\Java\jdk-14.0.1
PATH=C:/Program Files/Java/jdk-14.0.1/bin/server;C:/Program Files/Java/jdk-14.0.1/bin;C:\Program Files\Java\jdk-14.0.1\bin;C:\Program Files\Microsoft HPC Pack 2008 R2\Bin\;C:\Program Files (x86)\Common Files\Oracle\Java\javapath;C:\ProgramData\Oracle\Java\javapath;C:\Program Files (x86)\Intel\iCLS Client\;C:\Program Files\Intel\iCLS Client\;C:\WINDOWS\system32;C:\WINDOWS;C:\WINDOWS\System32\Wbem;C:\WINDOWS\System32\WindowsPowerShell\v1.0\;C:\Program Files\Intel\Intel(R) Management Engine Components\DAL;C:\Program Files\Intel\Intel(R) Management Engine Components\IPT;C:\Program Files (x86)\Intel\Intel(R) Management Engine Components\DAL;C:\Program Files (x86)\Intel\Intel(R) Management Engine Components\IPT;C:\Program Files (x86)\Intel\OpenCL SDK\2.0\bin\x86;C:\Program Files (x86)\Intel\OpenCL SDK\2.0\bin\x64;C:\Program Files (x86)\Windows Kits\8.1\Windows Performance Toolkit\;C:\WINDOWS\System32\OpenSSH\;C:\Program Files\Docker\Docker\resources\bin;C:\ProgramData\DockerDesktop\version-bin;C:\Program Files\nodejs\;C:\Program Files (x86)\Intel\OpenCL SDK\2.0\bin\x86;C:\Program Files (x86)\Intel\OpenCL SDK\2.0\bin\x64;C:\Program Files (x86)\Micro Focus\Unified Functional Testing\bin;C:\Program Files\Git\cmd;C:\Users\almahdi\AppData\Local\Programs\Python\Python38-32\Scripts\;C:\Users\almahdi\AppData\Local\Programs\Python\Python38-32\;C:\Users\almahdi\AppData\Local\Microsoft\WindowsApps;C:\Users\almahdi\AppData\Roaming\npm;C:\Users\almahdi\AppData\Local\GitHubDesktop\bin;C:\WINDOWS\system32;
USERNAME=almahdi
OS=Windows_NT
PROCESSOR_IDENTIFIER=Intel64 Family 6 Model 58 Stepping 9, GenuineIntel



---------------  S Y S T E M  ---------------

OS: Windows 10 , 64 bit Build 18362 (10.0.18362.959)
OS uptime: 3 days 1:46 hours

CPU:total 4 (initial active 4) (2 cores per cpu, 2 threads per core) family 6 model 58 stepping 9, cmov, cx8, fxsr, mmx, sse, sse2, sse3, ssse3, sse4.1, sse4.2, popcnt, avx, clmul, erms, ht, tsc, tscinvbit, tscinv

Memory: 4k page, system-wide physical 12166M (1789M free)
TotalPageFile size 12166M (AvailPageFile size 163M)
current process WorkingSet (physical memory assigned to process): 10M, peak: 10M
current process commit charge ("private bytes"): 52M, peak: 244M

vm_info: Java HotSpot(TM) 64-Bit Server VM (14.0.1+7) for windows-amd64 JRE (14.0.1+7), built on Mar  5 2020 10:30:14 by "mach5one" with MS VC++ 15.9 (VS2017)

END.
